<?xml version="1.0" encoding="UTF-8"?>
<!-- Generated by org.testng.reporters.JUnitReportReporter -->
<testsuite hostname="Satish-Ss-MacBook-Pro.local" name="com.adept.findjob.mytest.AppTest" tests="1" failures="0" timestamp="8 Sep 2014 07:20:53 GMT" time="70.895" errors="0">
  <testcase name="Saucetest" time="70.895" classname="com.adept.findjob.mytest.AppTest"/>
</testsuite> <!-- com.adept.findjob.mytest.AppTest -->
