<?xml version="1.0" encoding="UTF-8"?>
<!-- Generated by org.testng.reporters.JUnitReportReporter -->
<testsuite hostname="Satish-Ss-MacBook-Pro.local" name="com.adept.findjob.mytest.AppTest" tests="1" failures="0" timestamp="9 Sep 2014 09:37:18 GMT" time="85.585" errors="0">
  <testcase name="Saucetest" time="85.585" classname="com.adept.findjob.mytest.AppTest"/>
</testsuite>
